c:\users\aleksa's pc\desktop\vii semestar\računarska grafika\fastfood_sv_50_2022\fastfood_sv_50_2022\x64\debug\vc143.pdb
c:\users\aleksa's pc\desktop\vii semestar\računarska grafika\fastfood_sv_50_2022\fastfood_sv_50_2022\x64\debug\vc143.idb
c:\users\aleksa's pc\desktop\vii semestar\računarska grafika\fastfood_sv_50_2022\fastfood_sv_50_2022\x64\debug\glad.obj
c:\users\aleksa's pc\desktop\vii semestar\računarska grafika\fastfood_sv_50_2022\fastfood_sv_50_2022\x64\debug\vbo.obj
c:\users\aleksa's pc\desktop\vii semestar\računarska grafika\fastfood_sv_50_2022\fastfood_sv_50_2022\x64\debug\vao.obj
c:\users\aleksa's pc\desktop\vii semestar\računarska grafika\fastfood_sv_50_2022\fastfood_sv_50_2022\x64\debug\shaderclass.obj
c:\users\aleksa's pc\desktop\vii semestar\računarska grafika\fastfood_sv_50_2022\fastfood_sv_50_2022\x64\debug\main.obj
c:\users\aleksa's pc\desktop\vii semestar\računarska grafika\fastfood_sv_50_2022\fastfood_sv_50_2022\x64\debug\ebo.obj
c:\users\aleksa's pc\desktop\vii semestar\računarska grafika\fastfood_sv_50_2022\fastfood_sv_50_2022\x64\debug\stb.obj
c:\users\aleksa's pc\desktop\vii semestar\računarska grafika\fastfood_sv_50_2022\fastfood_sv_50_2022\x64\debug\mesh.obj
c:\users\aleksa's pc\desktop\vii semestar\računarska grafika\fastfood_sv_50_2022\fastfood_sv_50_2022\x64\debug\texture.obj
c:\users\aleksa's pc\desktop\vii semestar\računarska grafika\fastfood_sv_50_2022\fastfood_sv_50_2022\x64\debug\key_callback.obj
c:\users\aleksa's pc\desktop\vii semestar\računarska grafika\fastfood_sv_50_2022\fastfood_sv_50_2022\x64\debug\callbacks.obj
c:\users\aleksa's pc\desktop\vii semestar\računarska grafika\fastfood_sv_50_2022\x64\debug\fastfood_sv_50_2022.exe
c:\users\aleksa's pc\desktop\vii semestar\računarska grafika\fastfood_sv_50_2022\x64\debug\fastfood_sv_50_2022.pdb
c:\users\aleksa's pc\desktop\vii semestar\računarska grafika\fastfood_sv_50_2022\fastfood_sv_50_2022\x64\debug\fastfood_sv_50_2022.ilk
c:\users\aleksa's pc\desktop\vii semestar\računarska grafika\fastfood_sv_50_2022\fastfood_sv_50_2022\x64\debug\fastfood.f2b9b3d4.tlog\cl.command.1.tlog
c:\users\aleksa's pc\desktop\vii semestar\računarska grafika\fastfood_sv_50_2022\fastfood_sv_50_2022\x64\debug\fastfood.f2b9b3d4.tlog\cl.items.tlog
c:\users\aleksa's pc\desktop\vii semestar\računarska grafika\fastfood_sv_50_2022\fastfood_sv_50_2022\x64\debug\fastfood.f2b9b3d4.tlog\cl.read.1.tlog
c:\users\aleksa's pc\desktop\vii semestar\računarska grafika\fastfood_sv_50_2022\fastfood_sv_50_2022\x64\debug\fastfood.f2b9b3d4.tlog\cl.write.1.tlog
c:\users\aleksa's pc\desktop\vii semestar\računarska grafika\fastfood_sv_50_2022\fastfood_sv_50_2022\x64\debug\fastfood.f2b9b3d4.tlog\link.command.1.tlog
c:\users\aleksa's pc\desktop\vii semestar\računarska grafika\fastfood_sv_50_2022\fastfood_sv_50_2022\x64\debug\fastfood.f2b9b3d4.tlog\link.read.1.tlog
c:\users\aleksa's pc\desktop\vii semestar\računarska grafika\fastfood_sv_50_2022\fastfood_sv_50_2022\x64\debug\fastfood.f2b9b3d4.tlog\link.secondary.1.tlog
c:\users\aleksa's pc\desktop\vii semestar\računarska grafika\fastfood_sv_50_2022\fastfood_sv_50_2022\x64\debug\fastfood.f2b9b3d4.tlog\link.write.1.tlog
